[    0.000000] Linux version 4.15.0-140-generic (buildd@lgw01-amd64-054) (gcc version 7.5.0 (Ubuntu 7.5.0-3ubuntu1~18.04)) #144-Ubuntu SMP Fri Mar 19 14:12:35 UTC 2021 (Ubuntu 4.15.0-140.144-generic 4.15.18)
[    0.000000] Command line: BOOT_IMAGE=/boot/vmlinuz-4.15.0-140-generic root=LABEL=cloudimg-rootfs ro console=tty1 console=ttyS0
[    0.000000] KERNEL supported cpus:
[    0.000000]   Intel GenuineIntel
[    0.000000]   AMD AuthenticAMD
[    0.000000]   Centaur CentaurHauls
[    0.000000] x86/fpu: Supporting XSAVE feature 0x001: 'x87 floating point registers'
[    0.000000] x86/fpu: Supporting XSAVE feature 0x002: 'SSE registers'
[    0.000000] x86/fpu: Supporting XSAVE feature 0x004: 'AVX registers'
[    0.000000] x86/fpu: xstate_offset[2]:  576, xstate_sizes[2]:  256
[    0.000000] x86/fpu: Enabled xstate features 0x7, context size is 832 bytes, using 'standard' format.
[    0.000000] e820: BIOS-provided physical RAM map:
[    0.000000] BIOS-e820: [mem 0x0000000000000000-0x000000000009fbff] usable
[    0.000000] BIOS-e820: [mem 0x000000000009fc00-0x000000000009ffff] reserved
[    0.000000] BIOS-e820: [mem 0x00000000000f0000-0x00000000000fffff] reserved
[    0.000000] BIOS-e820: [mem 0x0000000000100000-0x000000007ffeffff] usable
[    0.000000] BIOS-e820: [mem 0x000000007fff0000-0x000000007fffffff] ACPI data
[    0.000000] BIOS-e820: [mem 0x00000000fec00000-0x00000000fec00fff] reserved
[    0.000000] BIOS-e820: [mem 0x00000000fee00000-0x00000000fee00fff] reserved
[    0.000000] BIOS-e820: [mem 0x00000000fffc0000-0x00000000ffffffff] reserved
[    0.000000] NX (Execute Disable) protection: active
[    0.000000] SMBIOS 2.5 present.
[    0.000000] DMI: innotek GmbH VirtualBox/VirtualBox, BIOS VirtualBox 12/01/2006
[    0.000000] Hypervisor detected: KVM
[    0.000000] e820: last_pfn = 0x7fff0 max_arch_pfn = 0x400000000
[    0.000000] MTRR: Disabled
[    0.000000] x86/PAT: MTRRs disabled, skipping PAT initialization too.
[    0.000000] CPU MTRRs all blank - virtualized system.
[    0.000000] x86/PAT: Configuration [0-7]: WB  WT  UC- UC  WB  WT  UC- UC  
[    0.000000] found SMP MP-table at [mem 0x0009fff0-0x0009ffff]
[    0.000000] Scanning 1 areas for low memory corruption
[    0.000000] RAMDISK: [mem 0x35a63000-0x36d28fff]
[    0.000000] ACPI: Early table checksum verification disabled
[    0.000000] ACPI: RSDP 0x00000000000E0000 000024 (v02 VBOX  )
[    0.000000] ACPI: XSDT 0x000000007FFF0030 00003C (v01 VBOX   VBOXXSDT 00000001 ASL  00000061)
[    0.000000] ACPI: FACP 0x000000007FFF00F0 0000F4 (v04 VBOX   VBOXFACP 00000001 ASL  00000061)
[    0.000000] ACPI: DSDT 0x000000007FFF0470 002325 (v02 VBOX   VBOXBIOS 00000002 INTL 20180105)
[    0.000000] ACPI: FACS 0x000000007FFF0200 000040
[    0.000000] ACPI: FACS 0x000000007FFF0200 000040
[    0.000000] ACPI: APIC 0x000000007FFF0240 00005C (v02 VBOX   VBOXAPIC 00000001 ASL  00000061)
[    0.000000] ACPI: SSDT 0x000000007FFF02A0 0001CC (v01 VBOX   VBOXCPUT 00000002 INTL 20180105)
[    0.000000] No NUMA configuration found
[    0.000000] Faking a node at [mem 0x0000000000000000-0x000000007ffeffff]
[    0.000000] NODE_DATA(0) allocated [mem 0x7ffc5000-0x7ffeffff]
[    0.000000] kvm-clock: cpu 0, msr 0:7ff44001, primary cpu clock
[    0.000000] kvm-clock: Using msrs 4b564d01 and 4b564d00
[    0.000000] kvm-clock: using sched offset of 3452649461 cycles
[    0.000000] clocksource: kvm-clock: mask: 0xffffffffffffffff max_cycles: 0x1cd42e4dffb, max_idle_ns: 881590591483 ns
[    0.000000] Zone ranges:
[    0.000000]   DMA      [mem 0x0000000000001000-0x0000000000ffffff]
[    0.000000]   DMA32    [mem 0x0000000001000000-0x000000007ffeffff]
[    0.000000]   Normal   empty
[    0.000000]   Device   empty
[    0.000000] Movable zone start for each node
[    0.000000] Early memory node ranges
[    0.000000]   node   0: [mem 0x0000000000001000-0x000000000009efff]
[    0.000000]   node   0: [mem 0x0000000000100000-0x000000007ffeffff]
[    0.000000] Reserved but unavailable: 98 pages
[    0.000000] Initmem setup node 0 [mem 0x0000000000001000-0x000000007ffeffff]
[    0.000000] ACPI: PM-Timer IO Port: 0x4008
[    0.000000] IOAPIC[0]: apic_id 2, version 32, address 0xfec00000, GSI 0-23
[    0.000000] ACPI: INT_SRC_OVR (bus 0 bus_irq 0 global_irq 2 dfl dfl)
[    0.000000] ACPI: INT_SRC_OVR (bus 0 bus_irq 9 global_irq 9 low level)
[    0.000000] Using ACPI (MADT) for SMP configuration information
[    0.000000] smpboot: Allowing 2 CPUs, 0 hotplug CPUs
[    0.000000] PM: Registered nosave memory: [mem 0x00000000-0x00000fff]
[    0.000000] PM: Registered nosave memory: [mem 0x0009f000-0x0009ffff]
[    0.000000] PM: Registered nosave memory: [mem 0x000a0000-0x000effff]
[    0.000000] PM: Registered nosave memory: [mem 0x000f0000-0x000fffff]
[    0.000000] e820: [mem 0x80000000-0xfebfffff] available for PCI devices
[    0.000000] Booting paravirtualized kernel on KVM
[    0.000000] clocksource: refined-jiffies: mask: 0xffffffff max_cycles: 0xffffffff, max_idle_ns: 7645519600211568 ns
[    0.000000] random: get_random_bytes called from start_kernel+0x99/0x500 with crng_init=0
[    0.000000] setup_percpu: NR_CPUS:8192 nr_cpumask_bits:2 nr_cpu_ids:2 nr_node_ids:1
[    0.000000] percpu: Embedded 45 pages/cpu s147456 r8192 d28672 u1048576
[    0.000000] PV qspinlock hash table entries: 256 (order: 0, 4096 bytes)
[    0.000000] Built 1 zonelists, mobility grouping on.  Total pages: 515961
[    0.000000] Policy zone: DMA32
[    0.000000] Kernel command line: BOOT_IMAGE=/boot/vmlinuz-4.15.0-140-generic root=LABEL=cloudimg-rootfs ro console=tty1 console=ttyS0
[    0.000000] Memory: 2015212K/2096696K available (12300K kernel code, 2483K rwdata, 4276K rodata, 2440K init, 2724K bss, 81484K reserved, 0K cma-reserved)
[    0.000000] SLUB: HWalign=64, Order=0-3, MinObjects=0, CPUs=2, Nodes=1
[    0.000000] Kernel/User page tables isolation: enabled
[    0.000000] ftrace: allocating 39429 entries in 155 pages
[    0.004000] Hierarchical RCU implementation.
[    0.004000] 	RCU restricting CPUs from NR_CPUS=8192 to nr_cpu_ids=2.
[    0.004000] 	Tasks RCU enabled.
[    0.004000] RCU: Adjusting geometry for rcu_fanout_leaf=16, nr_cpu_ids=2
[    0.004000] NR_IRQS: 524544, nr_irqs: 440, preallocated irqs: 16
[    0.004000] Console: colour VGA+ 80x25
[    0.004000] console [tty1] enabled
[    0.004000] console [ttyS0] enabled
[    0.004000] ACPI: Core revision 20170831
[    0.004000] ACPI: 2 ACPI AML tables successfully acquired and loaded
[    0.004000] APIC: Switch to symmetric I/O mode setup
[    0.004000] x2apic enabled
[    0.004000] Switched APIC routing to physical x2apic.
[    0.004000] ..TIMER: vector=0x30 apic1=0 pin1=2 apic2=-1 pin2=-1
[    0.004000] tsc: Detected 2591.990 MHz processor
[    0.004011] Calibrating delay loop (skipped) preset value.. 5183.98 BogoMIPS (lpj=10367960)
[    0.005075] pid_max: default: 32768 minimum: 301
[    0.005701] Security Framework initialized
[    0.006236] Yama: becoming mindful.
[    0.006739] AppArmor: AppArmor initialized
[    0.007926] Dentry cache hash table entries: 262144 (order: 9, 2097152 bytes)
[    0.008489] Inode-cache hash table entries: 131072 (order: 8, 1048576 bytes)
[    0.009351] Mount-cache hash table entries: 4096 (order: 3, 32768 bytes)
[    0.010170] Mountpoint-cache hash table entries: 4096 (order: 3, 32768 bytes)
[    0.011258] Last level iTLB entries: 4KB 64, 2MB 8, 4MB 8
[    0.012002] Last level dTLB entries: 4KB 64, 2MB 0, 4MB 0, 1GB 4
[    0.013596] Spectre V1 : Mitigation: usercopy/swapgs barriers and __user pointer sanitization
[    0.016002] Spectre V2 : Mitigation: Full generic retpoline
[    0.016692] Spectre V2 : Spectre v2 / SpectreRSB mitigation: Filling RSB on context switch
[    0.017713] Speculative Store Bypass: Vulnerable
[    0.018336] MDS: Mitigation: Clear CPU buffers
[    0.020151] Freeing SMP alternatives memory: 36K
[    0.128938] smpboot: CPU0: Intel(R) Core(TM) i7-10750H CPU @ 2.60GHz (family: 0x6, model: 0xa5, stepping: 0x2)
[    0.130232] Performance Events: unsupported p6 CPU model 165 no PMU driver, software events only.
[    0.131975] Hierarchical SRCU implementation.
[    0.132032] NMI watchdog: Perf event create on CPU 0 failed with -2
[    0.132810] NMI watchdog: Perf NMI watchdog permanently disabled
[    0.133584] smp: Bringing up secondary CPUs ...
[    0.134241] x86: Booting SMP configuration:
[    0.134792] .... node  #0, CPUs:      #1
[    0.004000] kvm-clock: cpu 1, msr 0:7ff44041, secondary cpu clock
[    0.136018] smp: Brought up 1 node, 2 CPUs
[    0.136547] smpboot: Max logical packages: 1
[    0.137100] smpboot: Total of 2 processors activated (10367.96 BogoMIPS)
[    0.138052] devtmpfs: initialized
[    0.140047] x86/mm: Memory block size: 128MB
[    0.140760] evm: security.selinux
[    0.141217] evm: security.SMACK64
[    0.141663] evm: security.SMACK64EXEC
[    0.142156] evm: security.SMACK64TRANSMUTE
[    0.142694] evm: security.SMACK64MMAP
[    0.143178] evm: security.apparmor
[    0.143633] evm: security.ima
[    0.144002] evm: security.capability
[    0.144511] clocksource: jiffies: mask: 0xffffffff max_cycles: 0xffffffff, max_idle_ns: 7645041785100000 ns
[    0.145215] futex hash table entries: 512 (order: 3, 32768 bytes)
[    0.145997] pinctrl core: initialized pinctrl subsystem
[    0.146731] RTC time:  6:14:32, date: 05/21/21
[    0.148106] NET: Registered protocol family 16
[    0.148737] audit: initializing netlink subsys (disabled)
[    0.149434] audit: type=2000 audit(1621577677.290:1): state=initialized audit_enabled=0 res=1
[    0.149434] cpuidle: using governor ladder
[    0.149434] cpuidle: using governor menu
[    0.149434] ACPI: bus type PCI registered
[    0.152009] acpiphp: ACPI Hot Plug PCI Controller Driver version: 0.5
[    0.152877] PCI: Using configuration type 1 for base access
[    0.153615] HugeTLB registered 2.00 MiB page size, pre-allocated 0 pages
[    0.156052] ACPI: Added _OSI(Module Device)
[    0.156598] ACPI: Added _OSI(Processor Device)
[    0.157188] ACPI: Added _OSI(3.0 _SCP Extensions)
[    0.157796] ACPI: Added _OSI(Processor Aggregator Device)
[    0.158471] ACPI: Added _OSI(Linux-Dell-Video)
[    0.159041] ACPI: Added _OSI(Linux-Lenovo-NV-HDMI-Audio)
[    0.160003] ACPI: Added _OSI(Linux-HPI-Hybrid-Graphics)
[    0.160862] ACPI: Executed 1 blocks of module-level executable AML code
[    0.164495] ACPI: Interpreter enabled
[    0.164996] ACPI: (supports S0 S5)
[    0.165470] ACPI: Using IOAPIC for interrupt routing
[    0.166299] PCI: Using host bridge windows from ACPI; if necessary, use "pci=nocrs" and report a bug
[    0.167559] ACPI: Enabled 2 GPEs in block 00 to 07
[    0.172662] ACPI: PCI Root Bridge [PCI0] (domain 0000 [bus 00-ff])
[    0.173427] acpi PNP0A03:00: _OSC: OS supports [ASPM ClockPM Segments MSI]
[    0.174656] acpi PNP0A03:00: _OSC: not requesting OS control; OS requires [ExtendedConfig ASPM ClockPM MSI]
[    0.175860] acpi PNP0A03:00: fail to add MMCONFIG information, can't access extended PCI configuration space under this bridge.
[    0.176278] PCI host bridge to bus 0000:00
[    0.176823] pci_bus 0000:00: root bus resource [io  0x0000-0x0cf7 window]
[    0.177656] pci_bus 0000:00: root bus resource [io  0x0d00-0xffff window]
[    0.178480] pci_bus 0000:00: root bus resource [mem 0x000a0000-0x000bffff window]
[    0.180003] pci_bus 0000:00: root bus resource [mem 0x80000000-0xfdffffff window]
[    0.180953] pci_bus 0000:00: root bus resource [bus 00-ff]
[    0.182984] pci 0000:00:01.1: legacy IDE quirk: reg 0x10: [io  0x01f0-0x01f7]
[    0.184003] pci 0000:00:01.1: legacy IDE quirk: reg 0x14: [io  0x03f6]
[    0.184804] pci 0000:00:01.1: legacy IDE quirk: reg 0x18: [io  0x0170-0x0177]
[    0.185678] pci 0000:00:01.1: legacy IDE quirk: reg 0x1c: [io  0x0376]
[    0.202238] pci 0000:00:07.0: quirk: [io  0x4000-0x403f] claimed by PIIX4 ACPI
[    0.203181] pci 0000:00:07.0: quirk: [io  0x4100-0x410f] claimed by PIIX4 SMB
[    0.213407] ACPI: PCI Interrupt Link [LNKA] (IRQs 5 9 10 *11)
[    0.214389] ACPI: PCI Interrupt Link [LNKB] (IRQs 5 9 *10 11)
[    0.215196] ACPI: PCI Interrupt Link [LNKC] (IRQs 5 *9 10 11)
[    0.216069] ACPI: PCI Interrupt Link [LNKD] (IRQs 5 9 10 *11)
[    0.217092] SCSI subsystem initialized
[    0.217646] pci 0000:00:02.0: vgaarb: setting as boot VGA device
[    0.217740] pci 0000:00:02.0: vgaarb: VGA device added: decodes=io+mem,owns=io+mem,locks=none
[    0.220010] pci 0000:00:02.0: vgaarb: bridge control possible
[    0.220732] vgaarb: loaded
[    0.221140] ACPI: bus type USB registered
[    0.221681] usbcore: registered new interface driver usbfs
[    0.222375] usbcore: registered new interface driver hub
[    0.224016] usbcore: registered new device driver usb
[    0.224715] EDAC MC: Ver: 3.0.0
[    0.224715] PCI: Using ACPI for IRQ routing
[    0.224791] NetLabel: Initializing
[    0.225249] NetLabel:  domain hash size = 128
[    0.225808] NetLabel:  protocols = UNLABELED CIPSOv4 CALIPSO
[    0.228021] NetLabel:  unlabeled traffic allowed by default
[    0.228733] clocksource: Switched to clocksource kvm-clock
[    0.237742] VFS: Disk quotas dquot_6.6.0
[    0.238289] VFS: Dquot-cache hash table entries: 512 (order 0, 4096 bytes)
[    0.239196] AppArmor: AppArmor Filesystem Enabled
[    0.239819] pnp: PnP ACPI init
[    0.241020] pnp: PnP ACPI: found 3 devices
[    0.249485] clocksource: acpi_pm: mask: 0xffffff max_cycles: 0xffffff, max_idle_ns: 2085701024 ns
[    0.250633] NET: Registered protocol family 2
[    0.251344] TCP established hash table entries: 16384 (order: 5, 131072 bytes)
[    0.252305] TCP bind hash table entries: 16384 (order: 6, 262144 bytes)
[    0.253146] TCP: Hash tables configured (established 16384 bind 16384)
[    0.254470] UDP hash table entries: 1024 (order: 3, 32768 bytes)
[    0.255236] UDP-Lite hash table entries: 1024 (order: 3, 32768 bytes)
[    0.256080] NET: Registered protocol family 1
[    0.256687] pci 0000:00:00.0: Limiting direct PCI/PCI transfers
[    0.257440] pci 0000:00:01.0: Activating ISA DMA hang workarounds
[    0.258220] pci 0000:00:02.0: Video device with shadowed ROM at [mem 0x000c0000-0x000dffff]
[    0.259340] Unpacking initramfs...
[    0.502152] Freeing initrd memory: 19224K
[    0.502814] clocksource: tsc: mask: 0xffffffffffffffff max_cycles: 0x255cad98bda, max_idle_ns: 440795306906 ns
[    0.504053] platform rtc_cmos: registered platform RTC device (no PNP device found)
[    0.505174] Scanning for low memory corruption every 60 seconds
[    0.506496] Initialise system trusted keyrings
[    0.507080] Key type blacklist registered
[    0.507699] workingset: timestamp_bits=36 max_order=19 bucket_order=0
[    0.509251] zbud: loaded
[    0.510051] squashfs: version 4.0 (2009/01/31) Phillip Lougher
[    0.510974] fuse init (API version 7.26)
[    0.516294] Key type asymmetric registered
[    0.516827] Asymmetric key parser 'x509' registered
[    0.517469] Block layer SCSI generic (bsg) driver version 0.4 loaded (major 246)
[    0.518465] io scheduler noop registered
[    0.518981] io scheduler deadline registered
[    0.519555] io scheduler cfq registered (default)
[    0.520422] ACPI: AC Adapter [AC] (on-line)
[    0.521005] input: Power Button as /devices/LNXSYSTM:00/LNXPWRBN:00/input/input0
[    0.521980] ACPI: Power Button [PWRF]
[    0.522513] input: Sleep Button as /devices/LNXSYSTM:00/LNXSLPBN:00/input/input1
[    0.523455] ACPI: Sleep Button [SLPF]
[    0.524756] ACPI: Battery Slot [BAT0] (battery present)
[    0.525578] Serial: 8250/16550 driver, 32 ports, IRQ sharing enabled
[    0.546935] 00:02: ttyS0 at I/O 0x3f8 (irq = 4, base_baud = 115200) is a 16550A
[    0.550073] Linux agpgart interface v0.103
[    0.552231] loop: module loaded
[    0.553072] scsi host0: ata_piix
[    0.553607] scsi host1: ata_piix
[    0.554070] ata1: PATA max UDMA/33 cmd 0x1f0 ctl 0x3f6 bmdma 0xd000 irq 14
[    0.554916] ata2: PATA max UDMA/33 cmd 0x170 ctl 0x376 bmdma 0xd008 irq 15
[    0.555995] libphy: Fixed MDIO Bus: probed
[    0.556562] tun: Universal TUN/TAP device driver, 1.6
[    0.557259] PPP generic driver version 2.4.2
[    0.557863] ehci_hcd: USB 2.0 'Enhanced' Host Controller (EHCI) Driver
[    0.558670] ehci-pci: EHCI PCI platform driver
[    0.559254] ehci-platform: EHCI generic platform driver
[    0.559921] ohci_hcd: USB 1.1 'Open' Host Controller (OHCI) Driver
[    0.560722] ohci-pci: OHCI PCI platform driver
[    0.561307] ohci-platform: OHCI generic platform driver
[    0.561972] uhci_hcd: USB Universal Host Controller Interface driver
[    0.562793] i8042: PNP: PS/2 Controller [PNP0303:PS2K,PNP0f03:PS2M] at 0x60,0x64 irq 1,12
[    0.564223] serio: i8042 KBD port at 0x60,0x64 irq 1
[    0.564876] serio: i8042 AUX port at 0x60,0x64 irq 12
[    0.565626] mousedev: PS/2 mouse device common for all mice
[    0.566710] input: AT Translated Set 2 keyboard as /devices/platform/i8042/serio0/input/input2
[    0.568013] rtc_cmos rtc_cmos: rtc core: registered rtc_cmos as rtc0
[    0.569890] rtc_cmos rtc_cmos: alarms up to one day, 114 bytes nvram
[    0.571643] i2c /dev entries driver
[    0.572282] device-mapper: uevent: version 1.0.3
[    0.572966] device-mapper: ioctl: 4.37.0-ioctl (2017-09-20) initialised: dm-devel@redhat.com
[    0.574058] ledtrig-cpu: registered to indicate activity on CPUs
[    0.575114] NET: Registered protocol family 10
[    0.578762] Segment Routing with IPv6
[    0.579271] NET: Registered protocol family 17
[    0.579896] Key type dns_resolver registered
[    0.580676] mce: Using 0 MCE banks
[    0.581155] RAS: Correctable Errors collector initialized.
[    0.581865] sched_clock: Marking stable (580654173, 0)->(703662396, -123008223)
[    0.583103] registered taskstats version 1
[    0.583674] Loading compiled-in X.509 certificates
[    0.585932] Loaded X.509 cert 'Build time autogenerated kernel key: f44537957b99d83206ce3e6a27744bf062e80295'
[    0.587156] zswap: loaded using pool lzo/zbud
[    0.590440] Key type big_key registered
[    0.590953] Key type trusted registered
[    0.592806] Key type encrypted registered
[    0.593338] AppArmor: AppArmor sha1 policy hashing enabled
[    0.594053] ima: No TPM chip found, activating TPM-bypass! (rc=-19)
[    0.594858] ima: Allocated hash algorithm: sha1
[    0.595468] evm: HMAC attrs: 0x1
[    0.596121]   Magic number: 5:374:216
[    0.596724] rtc_cmos rtc_cmos: setting system clock to 2021-05-21 06:14:33 UTC (1621577673)
[    0.597917] BIOS EDD facility v0.16 2004-Jun-25, 0 devices found
[    0.598673] EDD information not available.
[    0.738829] Freeing unused kernel image memory: 2440K
[    1.139286] Write protecting the kernel read-only data: 20480k
[    1.140699] Freeing unused kernel image memory: 2008K
[    1.141634] Freeing unused kernel image memory: 1868K
[    1.149424] x86/mm: Checked W+X mappings: passed, no W+X pages found.
[    1.150213] x86/mm: Checking user space page tables
[    1.157749] x86/mm: Checked W+X mappings: passed, no W+X pages found.
Loading, please wait...
starting version 237
[    1.207651] e1000: Intel(R) PRO/1000 Network Driver - version 7.3.21-k8-NAPI
[    1.208622] e1000: Copyright (c) 1999-2006 Intel Corporation.
[    1.220235] Fusion MPT base driver 3.04.20
[    1.220825] Copyright (c) 1999-2008 LSI Corporation
[    1.225281] Fusion MPT SPI Host driver 3.04.20
[    1.236046] AVX2 version of gcm_enc/dec engaged.
[    1.236693] AES CTR mode by8 optimization enabled
[    1.422056] input: ImExPS/2 Generic Explorer Mouse as /devices/platform/i8042/serio1/input/input4
[    1.565275] e1000 0000:00:03.0 eth0: (PCI:33MHz:32-bit) 02:99:94:d0:f2:74
[    1.566163] e1000 0000:00:03.0 eth0: Intel(R) PRO/1000 Network Connection
[    1.923434] e1000 0000:00:08.0 eth1: (PCI:33MHz:32-bit) 08:00:27:a5:3a:21
[    1.924307] e1000 0000:00:08.0 eth1: Intel(R) PRO/1000 Network Connection
[    1.926051] e1000 0000:00:03.0 enp0s3: renamed from eth0
[    1.928077] mptbase: ioc0: Initiating bringup
[    1.940411] e1000 0000:00:08.0 enp0s8: renamed from eth1
[    2.536505] ioc0: LSI53C1030 A0: Capabilities={Initiator}
[    4.436762] scsi host2: ioc0: LSI53C1030 A0, FwRev=00000000h, Ports=1, MaxQ=256, IRQ=20
[    6.424524] scsi 2:0:0:0: Direct-Access     VBOX     HARDDISK         1.0  PQ: 0 ANSI: 5
[    6.448070] scsi target2:0:0: Beginning Domain Validation
[    6.450093] scsi target2:0:0: Domain Validation skipping write tests
[    6.450868] scsi target2:0:0: Ending Domain Validation
[    6.451557] scsi target2:0:0: asynchronous
[    6.452577] scsi 2:0:1:0: Direct-Access     VBOX     HARDDISK         1.0  PQ: 0 ANSI: 5
[    6.488074] scsi target2:0:1: Beginning Domain Validation
[    6.490062] random: fast init done
[    6.490588] scsi target2:0:1: Domain Validation skipping write tests
[    6.491357] scsi target2:0:1: Ending Domain Validation
[    6.492063] scsi target2:0:1: asynchronous
[    6.495445] random: systemd-udevd: uninitialized urandom read (16 bytes read)
[    6.496418] random: systemd-udevd: uninitialized urandom read (16 bytes read)
[    6.496425] sd 2:0:0:0: Attached scsi generic sg0 type 0
[    6.497323] random: systemd-udevd: uninitialized urandom read (16 bytes read)
[    6.498910] sd 2:0:0:0: [sda] 83886080 512-byte logical blocks: (42.9 GB/40.0 GiB)
[    6.499900] sd 2:0:0:0: [sda] Write Protect is off
[    6.500642] sd 2:0:0:0: [sda] Incomplete mode parameter data
[    6.501354] sd 2:0:0:0: [sda] Assuming drive cache: write through
[    6.502161] sd 2:0:1:0: [sdb] 20480 512-byte logical blocks: (10.5 MB/10.0 MiB)
[    6.503096] sd 2:0:1:0: Attached scsi generic sg1 type 0
[    6.504321] sd 2:0:1:0: [sdb] Write Protect is off
[    6.505206] sd 2:0:1:0: [sdb] Incomplete mode parameter data
[    6.505910] sd 2:0:1:0: [sdb] Assuming drive cache: write through
[    6.507314]  sda: sda1
[    6.508137] sd 2:0:0:0: [sda] Attached SCSI disk
[    6.509390] sd 2:0:1:0: [sdb] Attached SCSI disk
Begin: Loading essential drivers ... [    7.896078] raid6: sse2x1   gen() 12023 MB/s
[    7.944073] raid6: sse2x1   xor()  6967 MB/s
[    7.992065] raid6: sse2x2   gen() 14737 MB/s
[    8.040065] raid6: sse2x2   xor()  9551 MB/s
[    8.088074] raid6: sse2x4   gen() 15786 MB/s
[    8.136076] raid6: sse2x4   xor()  9467 MB/s
[    8.184068] raid6: avx2x1   gen() 24080 MB/s
[    8.232062] raid6: avx2x1   xor() 13717 MB/s
[    8.280065] raid6: avx2x2   gen() 28151 MB/s
[    8.328081] raid6: avx2x2   xor() 18389 MB/s
[    8.376074] raid6: avx2x4   gen() 30852 MB/s
[    8.424067] raid6: avx2x4   xor() 18897 MB/s
[    8.424706] raid6: using algorithm avx2x4 gen() 30852 MB/s
[    8.425406] raid6: .... xor() 18897 MB/s, rmw enabled
[    8.426060] raid6: using avx2x2 recovery algorithm
[    8.427816] xor: automatically using best checksumming function   avx       
[    8.429719] async_tx: api initialized (async)
done.
Begin: Running /scripts/init-premount ... done.
Begin: Mounting root file system ... Begin: Running /scripts/local-top ... done.
Begin: Running /scripts/local-premount ... [    8.468315] Btrfs loaded, crc32c=crc32c-intel
Scanning for Btrfs filesystems
done.
Warning: fsck not present, so skipping root file system
[    8.489799] EXT4-fs (sda1): mounted filesystem with ordered data mode. Opts: (null)
done.
Begin: Running /scripts/local-bottom ... done.
Begin: Running /scripts/init-bottom ... done.
[    8.603825] ip_tables: (C) 2000-2006 Netfilter Core Team
[    8.609957] systemd[1]: systemd 237 running in system mode. (+PAM +AUDIT +SELINUX +IMA +APPARMOR +SMACK +SYSVINIT +UTMP +LIBCRYPTSETUP +GCRYPT +GNUTLS +ACL +XZ +LZ4 +SECCOMP +BLKID +ELFUTILS +KMOD -IDN2 +IDN -PCRE2 default-hierarchy=hybrid)
[    8.612711] systemd[1]: Detected virtualization oracle.
[    8.613402] systemd[1]: Detected architecture x86-64.

Welcome to [1mUbuntu 18.04.5 LTS[0m!

[    8.617621] systemd[1]: Set hostname to <kubenode02>.
[    8.828217] systemd[1]: Reached target User and Group Name Lookups.
[[0;32m  OK  [0m] Reached target User and Group Name Lookups.
[    8.830136] systemd[1]: Set up automount Arbitrary Executable File Formats File System Automount Point.
[[0;32m  OK  [0m] Set up automount Arbitrary Executab…rmats File System Automount Point.
[    8.832549] systemd[1]: Reached target System Time Synchronized.
[[0;32m  OK  [0m] Reached target System Time Synchronized.
[    8.835022] systemd[1]: Created slice System Slice.
[[0;32m  OK  [0m] Created slice System Slice.
[    8.836269] systemd[1]: Listening on Journal Socket.
[[0;32m  OK  [0m] Listening on Journal Socket.
[    8.838614] systemd[1]: Starting Set the console keyboard layout...
         Starting Set the console keyboard layout...
[[0;32m  OK  [0m] Listening on Syslog Socket.
[[0;32m  OK  [0m] Listening on fsck to fsckd communication Socket.
[[0;32m  OK  [0m] Listening on /dev/initctl Compatibility Named Pipe.
[[0;32m  OK  [0m] Listening on udev Control Socket.
[[0;32m  OK  [0m] Listening on Network Service Netlink Socket.
         Mounting Kernel Debug File System...
[[0;32m  OK  [0m] Created slice system-serial\x2dgetty.slice.
         Starting File System Check on Root Device...
[[0;32m  OK  [0m] Listening on LVM2 metadata daemon socket.
[[0;32m  OK  [0m] Listening on LVM2 poll daemon socket.
         Starting Create list of required st…ce nodes for the current kernel...
         Starting Load Kernel Modules...
[[0;32m  OK  [0m] Listening on Journal Socket (/dev/log).
[[0;32m  OK  [0m] Listening on udev Kernel Socket.
         Starting udev Coldplug all Devices...
         Mounting Huge Pages File System...
         Starting Uncomplicated firewall...
[[0;32m  OK  [0m] Started Forward Password Requests to Wall Directory Watch.
         Mounting POSIX Message Queue File System...
[[0;32m  OK  [0m] Created slice User and Session Slice.
[[0;32m  OK  [0m] Reached target Slices.
[[0;32m  OK  [0m] Reached target Swap.
[[0;32m  OK  [0m] Listening on Device-mapper event daemon FIFOs.
         Starting Monitoring of LVM2 mirrors…ng dmeventd or progress polling...
[[0;32m  OK  [0m] Listening on Journal Audit Socket.
         Starting Journal Service...
[    8.891746] Loading iSCSI transport class v2.0-870.
[[0;32m  OK  [0m] Mounted Kernel Debug File System.
[[0;32m  OK  [0m] Started Create list of required sta…vice nodes for the current kernel.
[[0;32m  OK  [0m] Mounted Huge Pages File System.
[[0;32m  OK  [0m] Mounted POSIX Message Queue File System.
[[0;32m  OK  [0m] Started File System Check Daemon to report status.
         Starting Create Static Device Nodes in /dev...
[    8.904785] iscsi: registered transport (tcp)
[[0;32m  OK  [0m] Started Uncomplicated firewall.
[[0;32m  OK  [0m] Started File System Check on Root Device.
         Starting Remount Root and Kernel File Systems...
[[0;32m  OK  [0m] Started udev Coldplug all Devices.
[[0;32m  OK  [0m] Started LVM2 metadata daemon.
[[0;32m  OK  [0m] Started Create Static Device Nodes in /dev.
[[0;32m  OK  [0m] Started Journal Service.
[    8.985266] iscsi: registered transport (iser)
[[0;32m  OK  [0m] Started Load Kernel Modules.
         Mounting FUSE Control File System...
         Starting Apply Kernel Variables...
         Mounting Kernel Configuration File System...
[[0;32m  OK  [0m] Mounted FUSE Control File System.
[[0;32m  OK  [0m] Mounted Kernel Configuration File System.
[    9.010850] EXT4-fs (sda1): re-mounted. Opts: (null)
[[0;32m  OK  [0m] Started Remount Root and Kernel File Systems.
         Starting udev Kernel Device Manager...
         Starting Flush Journal to Persistent Storage...
         Starting Load/Save Random Seed...
[[0;32m  OK  [0m] Started Monitoring of LVM2 mirrors,…sing dmeventd or progress polling.
[[0;32m  OK  [0m] Started Set the console keyboard layout.
[[0;32m  OK  [0m] Reached target Local File Systems (Pre).
[[0;32m  OK  [0m] Reached target Local File Systems.
         Starting AppArmor initialization...
         Starting Set console font and keymap...
         Starting Tell Plymouth To Write Out Runtime Data...
         Starting ebtables ruleset management...
[[0;32m  OK  [0m] Started Load/Save Random Seed.
[[0;32m  OK  [0m] Started udev Kernel Device Manager.
[[0;32m  OK  [0m] Started Dispatch Password Requests to Console Directory Watch.
[[0;32m  OK  [0m] Reached target Local Encrypted Volumes.
[[0;32m  OK  [0m] Started Set console font and keymap.
[[0;32m  OK  [0m] Started Tell Plymouth To Write Out Runtime Data.
[[0;32m  OK  [0m] Started Apply Kernel Variables.
[[0;32m  OK  [0m] Started Flush Journal to Persistent Storage.
         Starting Create Volatile Files and Directories...
[[0;32m  OK  [0m] Found device /dev/ttyS0.
[[0;32m  OK  [0m] Started ebtables ruleset management.
[[0;32m  OK  [0m] Started Create Volatile Files and Directories.
         Starting Update UTMP about System Boot/Shutdown...
[[0;32m  OK  [0m] Started Update UTMP about System Boot/Shutdown.
[[0;32m  OK  [0m] Listening on Load/Save RF Kill Switch Status /dev/rfkill Watch.
[[0;32m  OK  [0m] Started AppArmor initialization.
         Starting Initial cloud-init job (pre-networking)...
         Starting Load AppArmor profiles managed internally by snapd...
[[0;32m  OK  [0m] Started Load AppArmor profiles managed internally by snapd.
[   10.361685] cloud-init[567]: Cloud-init v. 20.4.1-0ubuntu1~18.04.1 running 'init-local' at Fri, 21 May 2021 06:14:43 +0000. Up 10.20 seconds.
[[0;32m  OK  [0m] Started Initial cloud-init job (pre-networking).
[[0;32m  OK  [0m] Reached target Network (Pre).
         Starting Network Service...
[[0;32m  OK  [0m] Started Network Service.
         Starting Network Name Resolution...
         Starting Wait for Network to be Configured...
[[0;32m  OK  [0m] Started Network Name Resolution.
[[0;32m  OK  [0m] Reached target Host and Network Name Lookups.
[[0;32m  OK  [0m] Reached target Network.
[[0;32m  OK  [0m] Started Wait for Network to be Configured.
         Starting Initial cloud-init job (metadata service crawler)...
[   12.759568] cloud-init[675]: Cloud-init v. 20.4.1-0ubuntu1~18.04.1 running 'init' at Fri, 21 May 2021 06:14:45 +0000. Up 12.64 seconds.
[   12.760836] cloud-init[675]: ci-info: ++++++++++++++++++++++++++++++++++++++Net device info+++++++++++++++++++++++++++++++++++++++
[   12.761984] cloud-init[675]: ci-info: +--------+------+-----------------------------+---------------+--------+-------------------+
[   12.763137] cloud-init[675]: ci-info: | Device |  Up  |           Address           |      Mask     | Scope  |     Hw-Address    |
[   12.764206] cloud-init[675]: ci-info: +--------+------+-----------------------------+---------------+--------+-------------------+
[   12.765187] cloud-init[675]: ci-info: | enp0s3 | True |          10.0.2.15          | 255.255.255.0 | global | 02:99:94:d0:f2:74 |
[   12.766177] cloud-init[675]: ci-info: | enp0s3 | True |  fe80::99:94ff:fed0:f274/64 |       .       |  link  | 02:99:94:d0:f2:74 |
[   12.767207] cloud-init[675]: ci-info: | enp0s8 | True |         192.168.56.4        | 255.255.255.0 | global | 08:00:27:a5:3a:21 |
[   12.768204] cloud-init[675]: ci-info: | enp0s8 | True | fe80::a00:27ff:fea5:3a21/64 |       .       |  link  | 08:00:27:a5:3a:21 |
[   12.769308] cloud-init[675]: ci-info: |   lo   | True |          127.0.0.1          |   255.0.0.0   |  host  |         .         |
[   12.770275] cloud-init[675]: ci-info: |   lo   | True |           ::1/128           |       .       |  host  |         .         |
[   12.771255] cloud-init[675]: ci-info: +--------+------+-----------------------------+---------------+--------+-------------------+
[   12.772222] cloud-init[675]: ci-info: +++++++++++++++++++++++++++++Route IPv4 info+++++++++++++++++++++++++++++
[   12.773116] cloud-init[675]: ci-info: +-------+--------------+----------+-----------------+-----------+-------+
[   12.773986] cloud-init[675]: ci-info: | Route | Destination  | Gateway  |     Genmask     | Interface | Flags |
[   12.774887] cloud-init[675]: ci-info: +-------+--------------+----------+-----------------+-----------+-------+
[   12.775762] cloud-init[675]: ci-info: |   0   |   0.0.0.0    | 10.0.2.2 |     0.0.0.0     |   enp0s3  |   UG  |
[   12.776652] cloud-init[675]: ci-info: |   1   |   10.0.2.0   | 0.0.0.0  |  255.255.255.0  |   enp0s3  |   U   |
[   12.777541] cloud-init[675]: ci-info: |   2   |   10.0.2.2   | 0.0.0.0  | 255.255.255.255 |   enp0s3  |   UH  |
[   12.778401] cloud-init[675]: ci-info: |   3   | 192.168.56.0 | 0.0.0.0  |  255.255.255.0  |   enp0s8  |   U   |
[   12.779268] cloud-init[675]: ci-info: +-------+--------------+----------+-----------------+-----------+-------+
[   12.780131] cloud-init[675]: ci-info: +++++++++++++++++++Route IPv6 info+++++++++++++++++++
[   12.780851] cloud-init[675]: ci-info: +-------+-------------+---------+-----------+-------+
[   12.781554] cloud-init[675]: ci-info: | Route | Destination | Gateway | Interface | Flags |
[   12.782279] cloud-init[675]: ci-info: +-------+-------------+---------+-----------+-------+
[   12.783236] cloud-init[675]: ci-info: |   1   |  fe80::/64  |    ::   |   enp0s8  |   U   |
[   12.783930] cloud-init[675]: ci-info: |   2   |  fe80::/64  |    ::   |   enp0s3  |   U   |
[   12.784686] cloud-init[675]: ci-info: |   4   |    local    |    ::   |   enp0s3  |   U   |
[   12.785380] cloud-init[675]: ci-info: |   5   |    local    |    ::   |   enp0s8  |   U   |
[   12.786137] cloud-init[675]: ci-info: |   6   |   ff00::/8  |    ::   |   enp0s8  |   U   |
[   12.786905] cloud-init[675]: ci-info: |   7   |   ff00::/8  |    ::   |   enp0s3  |   U   |
[   12.787610] cloud-init[675]: ci-info: +-------+-------------+---------+-----------+-------+
[[0;32m  OK  [0m] Started Initial cloud-init job (metadata service crawler).
[[0;32m  OK  [0m] Reached target System Initialization.
         Starting LXD - unix socket.
[[0;32m  OK  [0m] Started ACPI Events Check.
[[0;32m  OK  [0m] Listening on D-Bus System Message Bus Socket.
[[0;32m  OK  [0m] Listening on UUID daemon activation socket.
[[0;32m  OK  [0m] Listening on Open-iSCSI iscsid Socket.
[[0;32m  OK  [0m] Listening on ACPID Listen Socket.
[[0;32m  OK  [0m] Started Daily Cleanup of Temporary Directories.
[[0;32m  OK  [0m] Reached target Paths.
[[0;32m  OK  [0m] Started Discard unused blocks once a week.
[[0;32m  OK  [0m] Started Message of the Day.
         Starting Socket activation for snappy daemon.
[[0;32m  OK  [0m] Started Daily apt download activities.
[[0;32m  OK  [0m] Started Daily apt upgrade and clean activities.
[[0;32m  OK  [0m] Reached target Timers.
[[0;32m  OK  [0m] Reached target Network is Online.
         Starting Availability of block devices...
[[0;32m  OK  [0m] Reached target Remote File Systems (Pre).
         Mounting /vagrant...
[[0;32m  OK  [0m] Reached target Cloud-config availability.
[[0;32m  OK  [0m] Listening on LXD - unix socket.
[[0;32m  OK  [0m] Listening on Socket activation for snappy daemon.
[[0;32m  OK  [0m] Reached target Sockets.
[[0;32m  OK  [0m] Reached target Basic System.
[[0;32m  OK  [0m] Started FUSE filesystem for LXC.
         Starting Login Service...
         Starting Message of the Day...
[[0;32m  OK  [0m] Started D-Bus System Message Bus.
[[0;32m  OK  [0m] Started Regular background program processing daemon.
         Starting System Logging Service...
         Starting Dispatcher daemon for systemd-networkd...
[[0;32m  OK  [0m] Started irqbalance daemon.
         Starting Virtualbox guest utils...
[[0;32m  OK  [0m] Started Deferred execution scheduler.
         Starting LSB: Record successful boot for GRUB...
         Starting OpenBSD Secure Shell server...
         Starting Discard unused blocks...
         Starting Snap Daemon...
         Starting Accounts Service...
         Starting LXD - container startup/shutdown...
[[0;32m  OK  [0m] Started Availability of block devices.
[[0;32m  OK  [0m] Mounted /vagrant.
[[0;32m  OK  [0m] Started Login Service.
[[0;32m  OK  [0m] Started Unattended Upgrades Shutdown.
[[0;32m  OK  [0m] Reached target Remote File Systems.
         Starting Permit User Sessions...
         Starting LSB: automatic crash report generation...
[[0;32m  OK  [0m] Started System Logging Service.
[[0;32m  OK  [0m] Started Discard unused blocks.
[[0;32m  OK  [0m] Started Permit User Sessions.
         Starting Terminate Plymouth Boot Screen...
         Starting Hold until boot process finishes up...
[[0;32m  OK  [0m] Started Hold until boot process finishes up.
         Starting Set console scheme...
[[0;32m  OK  [0m] Started Serial Getty on ttyS0.
[[0;32m  OK  [0m] Started Terminate Plymouth Boot Screen.
[[0;32m  OK  [0m] Started LSB: Record successful boot for GRUB.
[[0;32m  OK  [0m] Started Set console scheme.
[[0;32m  OK  [0m] Created slice system-getty.slice.
[[0;32m  OK  [0m] Started Getty on tty1.
[[0;32m  OK  [0m] Reached target Login Prompts.
[[0;32m  OK  [0m] Started OpenBSD Secure Shell server.
[[0;32m  OK  [0m] Started LSB: automatic crash report generation.
[[0;32m  OK  [0m] Started Virtualbox guest utils.
[[0;32m  OK  [0m] Started LXD - container startup/shutdown.
         Starting Authorization Manager...
[[0;32m  OK  [0m] Started Authorization Manager.
[[0;32m  OK  [0m] Started Accounts Service.
[[0;32m  OK  [0m] Created slice User Slice of vagrant.
         Starting User Manager for UID 1000...
[[0;32m  OK  [0m] Started Session 1 of user vagrant.
[[0;32m  OK  [0m] Started Dispatcher daemon for systemd-networkd.
[[0;32m  OK  [0m] Started User Manager for UID 1000.
[[0;32m  OK  [0m] Started Message of the Day.
[[0;32m  OK  [0m] Started Snap Daemon.
         Starting Wait until snapd is fully seeded...
[[0;32m  OK  [0m] Started Wait until snapd is fully seeded.
         Starting Apply the settings specified in cloud-config...
[[0;32m  OK  [0m] Reached target Multi-User System.
[[0;32m  OK  [0m] Reached target Graphical Interface.
         Starting Update UTMP about System Runlevel Changes...
[[0;32m  OK  [0m] Started Update UTMP about System Runlevel Changes.
[   15.048330] cloud-init[1147]: Cloud-init v. 20.4.1-0ubuntu1~18.04.1 running 'modules:config' at Fri, 21 May 2021 06:14:47 +0000. Up 14.94 seconds.
[[0;32m  OK  [0m] Started Apply the settings specified in cloud-config.
         Starting Execute cloud user/final scripts...
[   15.517908] cloud-init[1236]: Cloud-init v. 20.4.1-0ubuntu1~18.04.1 running 'modules:final' at Fri, 21 May 2021 06:14:48 +0000. Up 15.42 seconds.
[   15.519094] cloud-init[1236]: Cloud-init v. 20.4.1-0ubuntu1~18.04.1 finished at Fri, 21 May 2021 06:14:48 +0000. Datasource DataSourceNoCloud [seed=/dev/sdb][dsmode=net].  Up 15.51 seconds
[[0;32m  OK  [0m] Started Execute cloud user/final scripts.
[[0;32m  OK  [0m] Reached target Cloud-init target.
         Starting Daily apt download activities...
[[0;32m  OK  [0m] Stopped Wait for Network to be Configured.
         Stopping Network Service...
         Starting Network Service...
[[0;32m  OK  [0m] Started Network Service.

Ubuntu 18.04.5 LTS kubenode02 ttyS0

kubenode02 login: 